
[1m[46m RUN [49m[22m [36mv4.0.16 [39m[90mC:/Users/Pablo/Desktop/HoneyMoney[39m

 [31mâ¯[39m src/app/app.spec.ts [2m([22m[2m2 tests[22m[2m | [22m[31m2 failed[39m[2m)[22m[32m 3[2mms[22m[39m
[31m     [31mÃ—[31m should create the app[39m[32m 2[2mms[22m[39m
[31m     [31mÃ—[31m should render title[39m[32m 0[2mms[22m[39m
 [31mâ¯[39m src/app/core/services/__tests__/transaction.service.test.ts [2m([22m[2m12 tests[22m[2m | [22m[31m4 failed[39m[2m)[22m[32m 25[2mms[22m[39m
       [32mâœ“[39m should be created[32m 8[2mms[22m[39m
       [32mâœ“[39m should load transactions on initialization[32m 2[2mms[22m[39m
       [32mâœ“[39m should handle empty transactions array[32m 1[2mms[22m[39m
       [32mâœ“[39m should add a new transaction[32m 2[2mms[22m[39m
       [32mâœ“[39m should handle unknown category[32m 1[2mms[22m[39m
       [32mâœ“[39m should update an existing transaction[32m 1[2mms[22m[39m
       [32mâœ“[39m should delete a transaction[32m 1[2mms[22m[39m
       [32mâœ“[39m should handle delete errors[32m 1[2mms[22m[39m
[31m       [31mÃ—[31m should calculate total balance correctly[39m[32m 3[2mms[22m[39m
[31m       [31mÃ—[31m should filter transactions by member[39m[32m 1[2mms[22m[39m
[31m       [31mÃ—[31m should return recent transactions sorted by date[39m[32m 1[2mms[22m[39m
[31m       [31mÃ—[31m should handle load errors gracefully[39m[32m 1[2mms[22m[39m
 [31mâ¯[39m src/app/features/dashboard/__tests__/dashboard.component.test.ts [2m([22m[2m8 tests[22m[2m | [22m[31m8 failed[39m[2m)[22m[32m 7[2mms[22m[39m
[31m       [31mÃ—[31m should create[39m[32m 4[2mms[22m[39m
[31m       [31mÃ—[31m should initialize with total balance from service[39m[32m 0[2mms[22m[39m
[31m       [31mÃ—[31m should get transactions by member[39m[32m 0[2mms[22m[39m
[31m       [31mÃ—[31m should compute balances for each member[39m[32m 0[2mms[22m[39m
[31m       [31mÃ—[31m should have recent transactions[39m[32m 0[2mms[22m[39m
[31m       [31mÃ—[31m should call service removeTransaction when confirmed[39m[32m 0[2mms[22m[39m
[31m       [31mÃ—[31m should not call service removeTransaction when cancelled[39m[32m 0[2mms[22m[39m
[31m       [31mÃ—[31m should render component[39m[32m 0[2mms[22m[39m

[31mâ¯â¯â¯â¯â¯â¯[39m[1m[41m Failed Tests 14 [49m[22m[31mâ¯â¯â¯â¯â¯â¯â¯[39m

[41m[1m FAIL [22m[49m src/app/app.spec.ts[2m > [22mApp[2m > [22mshould create the app
[41m[1m FAIL [22m[49m src/app/app.spec.ts[2m > [22mApp[2m > [22mshould render title
[31m[1mError[22m: Component 'App' is not resolved:
 - templateUrl: ./app.html
 - styleUrl: ./app.css
Did you run and wait for 'resolveComponentResources()'?[39m
[90m [2mâ¯[22m App.get node_modules/@angular/core/fesm2022/_debug_node-chunk.mjs:[2m17807:17[22m[39m
[90m [2mâ¯[22m getComponentDef node_modules/@angular/core/fesm2022/testing.mjs:[2m1154:16[22m[39m
[90m [2mâ¯[22m isStandaloneComponent node_modules/@angular/core/fesm2022/testing.mjs:[2m1150:15[22m[39m
[90m [2mâ¯[22m queueTypesFromModulesArrayRecur node_modules/@angular/core/fesm2022/testing.mjs:[2m925:20[22m[39m
[90m [2mâ¯[22m TestBedCompiler.queueTypesFromModulesArray node_modules/@angular/core/fesm2022/testing.mjs:[2m943:5[22m[39m
[90m [2mâ¯[22m TestBedCompiler.configureTestingModule node_modules/@angular/core/fesm2022/testing.mjs:[2m567:12[22m[39m
[90m [2mâ¯[22m TestBedImpl.configureTestingModule node_modules/@angular/core/fesm2022/testing.mjs:[2m1402:19[22m[39m
[90m [2mâ¯[22m TestBedImpl.configureTestingModule node_modules/@angular/core/fesm2022/testing.mjs:[2m1273:33[22m[39m
[36m [2mâ¯[22m src/app/app.spec.ts:[2m6:19[22m[39m
    [90m  4| [39m[34mdescribe[39m([32m'App'[39m[33m,[39m () [33m=>[39m {
    [90m  5| [39m  [34mbeforeEach[39m([35masync[39m () [33m=>[39m {
    [90m  6| [39m    [35mawait[39m [33mTestBed[39m[33m.[39m[34mconfigureTestingModule[39m({
    [90m   | [39m                  [31m^[39m
    [90m  7| [39m      imports[33m:[39m [[33mApp[39m][33m,[39m
    [90m  8| [39m    })[33m.[39m[34mcompileComponents[39m()[33m;[39m

[31m[2mâ¯â¯â¯â¯â¯â¯â¯â¯â¯â¯â¯â¯â¯â¯â¯â¯â¯â¯â¯â¯â¯â¯â¯[1/14]â¯[22m[39m

[41m[1m FAIL [22m[49m src/app/core/services/__tests__/transaction.service.test.ts[2m > [22mTransactionService[2m > [22mComputed Properties[2m > [22mshould calculate total balance correctly
[31m[1mAssertionError[22m: expected +0 to be 20 // Object.is equality[39m

[32m- Expected[39m
[31m+ Received[39m

[32m- 20[39m
[31m+ 0[39m

[36m [2mâ¯[22m src/app/core/services/__tests__/transaction.service.test.ts:[2m192:38[22m[39m
    [90m190| [39m      service [33m=[39m [33mTestBed[39m[33m.[39m[34minject[39m([33mTransactionService[39m)[33m;[39m
    [90m191| [39m
    [90m192| [39m      [34mexpect[39m(service[33m.[39m[34mtotalBalance[39m())[33m.[39m[34mtoBe[39m([34m20[39m)[33m;[39m [90m// 100 - 50 - 30[39m
    [90m   | [39m                                     [31m^[39m
    [90m193| [39m    })[33m;[39m
    [90m194| [39m
[90m [2mâ¯[22m new ZoneAwarePromise node_modules/zone.js/fesm2015/zone.js:[2m2221:23[22m[39m

[31m[2mâ¯â¯â¯â¯â¯â¯â¯â¯â¯â¯â¯â¯â¯â¯â¯â¯â¯â¯â¯â¯â¯â¯â¯[2/14]â¯[22m[39m

[41m[1m FAIL [22m[49m src/app/core/services/__tests__/transaction.service.test.ts[2m > [22mTransactionService[2m > [22mComputed Properties[2m > [22mshould filter transactions by member
[31m[1mAssertionError[22m: expected +0 to be 2 // Object.is equality[39m

[32m- Expected[39m
[31m+ Received[39m

[32m- 2[39m
[31m+ 0[39m

[36m [2mâ¯[22m src/app/core/services/__tests__/transaction.service.test.ts:[2m206:42[22m[39m
    [90m204| [39m
    [90m205| [39m      const pabloTransactions = service.getTransactionsByMember('Pabloâ€¦
    [90m206| [39m      [34mexpect[39m([34mpabloTransactions[39m()[33m.[39mlength)[33m.[39m[34mtoBe[39m([34m2[39m)[33m;[39m
    [90m   | [39m                                         [31m^[39m
    [90m207| [39m      [34mexpect[39m([34mpabloTransactions[39m()[[34m0[39m][33m.[39mmember)[33m.[39m[34mtoBe[39m([32m'Pablo'[39m)[33m;[39m
    [90m208| [39m    })[33m;[39m
[90m [2mâ¯[22m new ZoneAwarePromise node_modules/zone.js/fesm2015/zone.js:[2m2221:23[22m[39m

[31m[2mâ¯â¯â¯â¯â¯â¯â¯â¯â¯â¯â¯â¯â¯â¯â¯â¯â¯â¯â¯â¯â¯â¯â¯[3/14]â¯[22m[39m

[41m[1m FAIL [22m[49m src/app/core/services/__tests__/transaction.service.test.ts[2m > [22mTransactionService[2m > [22mComputed Properties[2m > [22mshould return recent transactions sorted by date
[31m[1mTypeError[22m: Cannot read properties of undefined (reading 'description')[39m
[36m [2mâ¯[22m src/app/core/services/__tests__/transaction.service.test.ts:[2m225:24[22m[39m
    [90m223| [39m
    [90m224| [39m      [35mconst[39m recent [33m=[39m service[33m.[39m[34mrecentTransactions[39m()[33m;[39m
    [90m225| [39m      [34mexpect[39m(recent[[34m0[39m][33m.[39mdescription)[33m.[39m[34mtoBe[39m([32m'Recent'[39m)[33m;[39m
    [90m   | [39m                       [31m^[39m
    [90m226| [39m      [34mexpect[39m(recent[[34m1[39m][33m.[39mdescription)[33m.[39m[34mtoBe[39m([32m'Middle'[39m)[33m;[39m
    [90m227| [39m      [34mexpect[39m(recent[[34m2[39m][33m.[39mdescription)[33m.[39m[34mtoBe[39m([32m'Old'[39m)[33m;[39m
[90m [2mâ¯[22m new ZoneAwarePromise node_modules/zone.js/fesm2015/zone.js:[2m2221:23[22m[39m

[31m[2mâ¯â¯â¯â¯â¯â¯â¯â¯â¯â¯â¯â¯â¯â¯â¯â¯â¯â¯â¯â¯â¯â¯â¯[4/14]â¯[22m[39m

[41m[1m FAIL [22m[49m src/app/core/services/__tests__/transaction.service.test.ts[2m > [22mTransactionService[2m > [22mError Handling[2m > [22mshould handle load errors gracefully
[31m[1mAssertionError[22m: expected "error" to be called at least once[39m
[36m [2mâ¯[22m src/app/core/services/__tests__/transaction.service.test.ts:[2m239:26[22m[39m
    [90m237| [39m
    [90m238| [39m      [34mexpect[39m(service[33m.[39m[34mtransactions[39m())[33m.[39m[34mtoEqual[39m([])[33m;[39m
    [90m239| [39m      [34mexpect[39m(consoleSpy)[33m.[39m[34mtoHaveBeenCalled[39m()[33m;[39m
    [90m   | [39m                         [31m^[39m
    [90m240| [39m      consoleSpy[33m.[39m[34mmockRestore[39m()[33m;[39m
    [90m241| [39m    })[33m;[39m
[90m [2mâ¯[22m new ZoneAwarePromise node_modules/zone.js/fesm2015/zone.js:[2m2221:23[22m[39m

[31m[2mâ¯â¯â¯â¯â¯â¯â¯â¯â¯â¯â¯â¯â¯â¯â¯â¯â¯â¯â¯â¯â¯â¯â¯[5/14]â¯[22m[39m

[41m[1m FAIL [22m[49m src/app/features/dashboard/__tests__/dashboard.component.test.ts[2m > [22mDashboardComponent[2m > [22mComponent Initialization[2m > [22mshould create
[41m[1m FAIL [22m[49m src/app/features/dashboard/__tests__/dashboard.component.test.ts[2m > [22mDashboardComponent[2m > [22mComponent Initialization[2m > [22mshould initialize with total balance from service
[41m[1m FAIL [22m[49m src/app/features/dashboard/__tests__/dashboard.component.test.ts[2m > [22mDashboardComponent[2m > [22mComponent Initialization[2m > [22mshould get transactions by member
[41m[1m FAIL [22m[49m src/app/features/dashboard/__tests__/dashboard.component.test.ts[2m > [22mDashboardComponent[2m > [22mComponent Initialization[2m > [22mshould compute balances for each member
[41m[1m FAIL [22m[49m src/app/features/dashboard/__tests__/dashboard.component.test.ts[2m > [22mDashboardComponent[2m > [22mComponent Initialization[2m > [22mshould have recent transactions
[41m[1m FAIL [22m[49m src/app/features/dashboard/__tests__/dashboard.component.test.ts[2m > [22mDashboardComponent[2m > [22mdeleteTransaction[2m > [22mshould call service removeTransaction when confirmed
[41m[1m FAIL [22m[49m src/app/features/dashboard/__tests__/dashboard.component.test.ts[2m > [22mDashboardComponent[2m > [22mdeleteTransaction[2m > [22mshould not call service removeTransaction when cancelled
[41m[1m FAIL [22m[49m src/app/features/dashboard/__tests__/dashboard.component.test.ts[2m > [22mDashboardComponent[2m > [22mTemplate Rendering[2m > [22mshould render component
[31m[1mError[22m: Component 'DashboardComponent' is not resolved:
 - templateUrl: ./dashboard.component.html
 - styleUrl: ./dashboard.component.css
Did you run and wait for 'resolveComponentResources()'?[39m
[90m [2mâ¯[22m DashboardComponent.get node_modules/@angular/core/fesm2022/_debug_node-chunk.mjs:[2m17807:17[22m[39m
[90m [2mâ¯[22m getComponentDef node_modules/@angular/core/fesm2022/testing.mjs:[2m1154:16[22m[39m
[90m [2mâ¯[22m isStandaloneComponent node_modules/@angular/core/fesm2022/testing.mjs:[2m1150:15[22m[39m
[90m [2mâ¯[22m queueTypesFromModulesArrayRecur node_modules/@angular/core/fesm2022/testing.mjs:[2m925:20[22m[39m
[90m [2mâ¯[22m TestBedCompiler.queueTypesFromModulesArray node_modules/@angular/core/fesm2022/testing.mjs:[2m943:5[22m[39m
[90m [2mâ¯[22m TestBedCompiler.configureTestingModule node_modules/@angular/core/fesm2022/testing.mjs:[2m567:12[22m[39m
[90m [2mâ¯[22m TestBedImpl.configureTestingModule node_modules/@angular/core/fesm2022/testing.mjs:[2m1402:19[22m[39m
[90m [2mâ¯[22m TestBedImpl.configureTestingModule node_modules/@angular/core/fesm2022/testing.mjs:[2m1273:33[22m[39m
[36m [2mâ¯[22m src/app/features/dashboard/__tests__/dashboard.component.test.ts:[2m35:19[22m[39m
    [90m 33| [39m    }[33m;[39m
    [90m 34| [39m
    [90m 35| [39m    [35mawait[39m [33mTestBed[39m[33m.[39m[34mconfigureTestingModule[39m({
    [90m   | [39m                  [31m^[39m
    [90m 36| [39m      imports[33m:[39m [[33mDashboardComponent[39m][33m,[39m
    [90m 37| [39m      providers[33m:[39m [

[31m[2mâ¯â¯â¯â¯â¯â¯â¯â¯â¯â¯â¯â¯â¯â¯â¯â¯â¯â¯â¯â¯â¯â¯â¯[6/14]â¯[22m[39m


[2m Test Files [22m [1m[31m3 failed[39m[22m[90m (3)[39m
[2m      Tests [22m [1m[31m14 failed[39m[22m[2m | [22m[1m[32m8 passed[39m[22m[90m (22)[39m
[2m   Start at [22m 10:12:35
[2m   Duration [22m 1.16s[2m (transform 178ms, setup 816ms, import 372ms, tests 35ms, environment 1.75s)[22m

